GAS LISTING block.s 			page 1


   1              			#dos starts all .com programs at this offset
   2 0000 00000000 			.org	0x100
   2      00000000 
   2      00000000 
   2      00000000 
   2      00000000 
   3              	
   4              		        .code16
   5              	
   6              	#Define constants
   7              	DOS_INT 	=       0x21
   8              	# Reduce count of characters echoed on each iteration from 50-25
   9              	COUNT  		=       25
  10              	QUIT   		= 	'q'
  11              	DELAY_LO 	=	0x0
  12              	#Changed from 0x2 to 0x1 for delay time
  13              	DELAY_HI 	=	0x1
  14              	
  15              	#Entered at program startup.
  16 0100 EB01     			jmp	main
  17              	
  18              	
  19              	#data area	
  20 0102 00       	inChar:		.byte	0
  21              	
  22              	main:
  23              	main1:	
  24 0103 E81800   			call    getchar         #read input char into inChar
  25 0106 A00201   			mov	inChar, %al	#al set to char read
  26 0109 3C71     			cmp	$QUIT, %al	#is it a QUIT character?
  27 010b 740E     			jz	main3		#quit if got QUIT character
  28 010d B91900   			mov     $COUNT, %cx     #set output counter
  29              	main2:  
  30 0110 E81500   		        call    putchar         #output inChar to console
  31 0113 E82300   			call    delay           #delay for time proportional to DELAY
  32 0116 49       	                dec	%cx             #decrement loop counter
  33 0117 75F7     			jnz     main2           #loop if output counter nonzero
  34 0119 EBE8     			jmp     main1           #back to read next char
  35 011b E81500   	main3:		call	exit
  36              	
  37              	#Read next char from stdin into inChar.  Quit if ^C
  38              	getchar:
  39 011e 50       			push	%ax
  40 011f B408     			mov     $0x08,%ah       #specify fn: read without echo into al
  41 0121 CD21     			int     $DOS_INT        #read stdin into %al
  42 0123 A20201   			mov     %al,inChar      #mov char read to inChar
  43 0126 58       			pop	%ax
  44 0127 C3       			ret
  45              	
  46              	#Write inChar to console	
  47              	putchar:
  48 0128 50       			push	%ax
  49 0129 B402     			movb    $02,%ah         #specify fn: output dl to stdout
  50 012b 8A160201 			movb    inChar,%dl      #char to output
  51 012f CD21     			int     $DOS_INT        #output inChar
  52 0131 58       			pop	%ax
  53 0132 C3       			ret
GAS LISTING block.s 			page 2


  54              	
  55              	exit:
  56 0133 B44C     			mov	$0x4c,%ah      	#specify fn: program exit
  57 0135 B000     			mov	$0x0,%al        #setup exit status
  58 0137 CD21     			int	$DOS_INT        #exit program
  59              		
  60              		
  61              	
  62              	#spin loop for delay time proportional to value in DELAY_HI_DELAY_LO
  63 0139 50       	delay:		push	%ax
  64 013a 53       			push	%bx
  65 013b 51       			push	%cx
  66 013c BB0100   			mov	$DELAY_HI, %bx
  67 013f B90000   	delay1:		mov     $DELAY_LO, %cx
  68 0142 B8A0F0   	delay2:		mov     $0x0f0a0, %ax
  69 0145 F6E9     		        imul    %cl
  70 0147 49       		        dec     %cx
  71 0148 75F8     		        jnz     delay2
  72 014a 4B       		        dec     %bx
  73 014b 75F2     		        jnz	delay1
  74 014d 59       		        pop	%cx
  75 014e 5B       			pop	%bx
  76 014f 58       			pop	%ax
  77 0150 C3       			ret
  78              	
GAS LISTING block.s 			page 3


DEFINED SYMBOLS
             block.s:7      *ABS*:0000000000000021 DOS_INT
             block.s:9      *ABS*:0000000000000019 COUNT
             block.s:10     *ABS*:0000000000000071 QUIT
             block.s:11     *ABS*:0000000000000000 DELAY_LO
             block.s:13     *ABS*:0000000000000001 DELAY_HI
             block.s:22     .text:0000000000000103 main
             block.s:20     .text:0000000000000102 inChar
             block.s:23     .text:0000000000000103 main1
             block.s:38     .text:000000000000011e getchar
             block.s:35     .text:000000000000011b main3
             block.s:29     .text:0000000000000110 main2
             block.s:47     .text:0000000000000128 putchar
             block.s:63     .text:0000000000000139 delay
             block.s:55     .text:0000000000000133 exit
             block.s:67     .text:000000000000013f delay1
             block.s:68     .text:0000000000000142 delay2

NO UNDEFINED SYMBOLS
