Section 1:
input: time ls ~/cs220/labs/lab11/files
output: 
real	0m0.008s
user	0m0.002s
sys	0m0.001s

input: time sleep 5
output:
real	0m5.003s
user	0m0.001s
sys	0m0.000s

input: time wc -l 'find /etc/>dev/null' 2>/dev/null | tail
output:
real	0m0.006s
user	0m0.002s
sys	0m0.003s


Exercize 2:
input: ./parity-c -c -d 10
output:
67: 0
c6: 1
69: 1
73: 0
51: 0
ff: 1
4a: 0
ec: 0
29: 0
cd: 0

input: ./parity-s -d 10
output:
67: 0
c6: 1
69: 1
73: 0
51: 0
ff: 1
4a: 0
ec: 0
29: 0
cd: 0

input: time ./parity-c 10
output:
real	0m0.002s
user	0m0.001s
sys	0m0.000s

input: time ./parity-s 10
output:
real	0m0.002s
user	0m0.000s
sys	0m0.001s

Exercize 3:
amchugh2@remote07:~/i220a_new/work/lab11/matmul-cache$ ./transpos
 4 1
2.22116e+17 7.02729e+17 9.76657e+17 2.08306e+17
2.17616e+18 2.16772e+18 3.40213e+18 1.2273e+18
4.86494e+18 4.48803e+18 7.27046e+18 2.8719e+18
7.68709e+18 2.14813e+18 5.99903e+18 4.12269e+18
amchugh2@remote07:~/i220a_new/work/lab11/matmul-cache$ ./simple-m
1
2.22116e+17 7.02729e+17 9.76657e+17 2.08306e+17
2.17616e+18 2.16772e+18 3.40213e+18 1.2273e+18
4.86494e+18 4.48803e+18 7.27046e+18 2.8719e+18
7.68709e+18 2.14813e+18 5.99903e+18 4.12269e+18

Exercize 4:
amchugh2@remote07:~/i220a_new/work/lab11/int-search$ time ./linear search 2000 2000
bash: ./linear: No such file or directory

real    0m0.001s
user    0m0.001s
sys     0m0.000s
amchugh2@remote07:~/i220a_new/work/lab11/int-search$ time ./binary-search 2000 2000

real    0m0.467s
user    0m0.461s
sys     0m0.004s

Exercize 5:
amchugh2@remote07:~/i220a_new/work/lab11/coverage$ ./coverage 212 315 410
amchugh2@remote07:~/i220a_new/work/lab11/coverage$ ./coverage 212 315 412
amchugh2@remote07:~/i220a_new/work/lab11/coverage$ ./coverage 212 350 310
amchugh2@remote07:~/i220a_new/work/lab11/coverage$ ./coverage 212 350 350
amchugh2@remote07:~/i220a_new/work/lab11/coverage$ ./coverage 220 410 912
amchugh2@remote07:~/i220a_new/work/lab11/coverage$ ./coverage 220 412 318
amchugh2@remote07:~/i220a_new/work/lab11/coverage$ ./coverage 220 412 320
^C
amchugh2@remote07:~/i220a_new/work/lab11/coverage$ ./coverage 220 410 910
^C
